<?xml version="1.0" encoding="UTF-8"?>
<!-- Generated by org.testng.reporters.JUnitReportReporter -->
<testsuite hostname="HYD-5CG0262H0J" failures="0" tests="2" name="day1.Module2" time="0.006" errors="0" timestamp="2023-11-04T15:35:54 IST" skipped="0">
  <testcase classname="day1.Module2" name="WebLoginCarLoan" time="0.003"/>
  <testcase classname="day1.Module2" name="APILoginCarLoan" time="0.003"/>
</testsuite> <!-- day1.Module2 -->
