<?xml version="1.0" encoding="UTF-8"?>
<!-- Generated by org.testng.reporters.JUnitReportReporter -->
<testsuite hostname="HYD-5CG0262H0J" failures="0" tests="2" name="day1.Module1" time="0.056" errors="0" timestamp="2023-11-04T15:35:54 IST" skipped="1">
  <testcase classname="day1.Module1" name="test2" time="0.056"/>
  <testcase classname="day1.Module1" name="test1">
    <skipped/>
  </testcase> <!-- test1 -->
</testsuite> <!-- day1.Module1 -->
