<?xml version="1.0" encoding="UTF-8"?>
<!-- Generated by org.testng.reporters.JUnitReportReporter -->
<testsuite hostname="HYD-5CG0262H0J" failures="0" tests="2" name="practicetestng.Test1" time="0.012" errors="0" timestamp="2023-11-04T11:55:22 IST" skipped="0">
  <testcase classname="practicetestng.Test1" name="test1" time="0.011"/>
  <testcase classname="practicetestng.Test1" name="test2" time="0.001"/>
</testsuite> <!-- practicetestng.Test1 -->
