<?xml version="1.0" encoding="UTF-8"?>
<!-- Generated by org.testng.reporters.JUnitReportReporter -->
<testsuite hostname="HYD-5CG0262H0J" failures="0" tests="2" name="parcticetestng.Test1" time="0.016" errors="0" timestamp="2023-11-04T11:51:15 IST" skipped="0">
  <testcase classname="parcticetestng.Test1" name="test1" time="0.013"/>
  <testcase classname="parcticetestng.Test1" name="test2" time="0.003"/>
</testsuite> <!-- parcticetestng.Test1 -->
