<?xml version="1.0" encoding="UTF-8"?>
<!-- Generated by org.testng.reporters.JUnitReportReporter -->
<testsuite hostname="HYD-5CG0262H0J" failures="0" tests="1" name="com.practicetestng.Test1" time="0.023" errors="0" timestamp="2023-11-04T11:42:44 IST" skipped="0">
  <testcase classname="com.practicetestng.Test1" name="test1" time="0.023"/>
</testsuite> <!-- com.practicetestng.Test1 -->
